I, [2020-10-11T16:01:21.547913 #55152]  INFO -- : Registered expected interaction GET /products/10
D, [2020-10-11T16:01:21.548232 #55152] DEBUG -- : {
  "description": "a request to get a product",
  "providerState": "a product with ID 10 exists",
  "request": {
    "method": "GET",
    "path": "/products/10"
  },
  "response": {
    "status": 200,
    "headers": {
      "Content-Type": {
        "json_class": "Pact::Term",
        "data": {
          "generate": "application/json; charset=utf-8",
          "matcher": {
            "json_class": "Regexp",
            "o": 0,
            "s": "^application/json"
          }
        }
      }
    },
    "body": {
      "json_class": "Pact::SomethingLike",
      "contents": {
        "id": 10,
        "type": "pizza",
        "name": "Margharita"
      }
    }
  },
  "metadata": null
}
I, [2020-10-11T16:01:21.566883 #55152]  INFO -- : Received request GET /products/10
D, [2020-10-11T16:01:21.567003 #55152] DEBUG -- : {
  "path": "/products/10",
  "query": "",
  "method": "get",
  "headers": {
    "Accept": "application/json, text/plain, */*",
    "Referer": "http://localhost/",
    "User-Agent": "Mozilla/5.0 (darwin) AppleWebKit/537.36 (KHTML, like Gecko) jsdom/16.4.0",
    "Accept-Language": "en",
    "Origin": "http://localhost",
    "Host": "127.0.0.1:58296",
    "Accept-Encoding": "gzip, deflate",
    "Connection": "keep-alive",
    "Version": "HTTP/1.1"
  }
}
I, [2020-10-11T16:01:21.567256 #55152]  INFO -- : Found matching response for GET /products/10
D, [2020-10-11T16:01:21.567379 #55152] DEBUG -- : {
  "status": 200,
  "headers": {
    "Content-Type": {
      "json_class": "Pact::Term",
      "data": {
        "generate": "application/json; charset=utf-8",
        "matcher": {
          "json_class": "Regexp",
          "o": 0,
          "s": "^application/json"
        }
      }
    }
  },
  "body": {
    "json_class": "Pact::SomethingLike",
    "contents": {
      "id": 10,
      "type": "pizza",
      "name": "Margharita"
    }
  }
}
I, [2020-10-11T16:01:21.581809 #55152]  INFO -- : Verifying - interactions matched
I, [2020-10-11T16:01:21.585231 #55152]  INFO -- : Cleared interactions
I, [2020-10-11T16:01:21.590250 #55152]  INFO -- : Writing pact for katacoda-provider to /Users/matthewfellows/development/dius/katacoda/pactflow-getting-started-js/assets/pacts/katacoda-consumer-katacoda-provider.json
