I, [2020-10-09T16:07:41.389746 #99208]  INFO -- : Registered expected interaction GET /product/10
D, [2020-10-09T16:07:41.390048 #99208] DEBUG -- : {
  "description": "a request to get a product",
  "providerState": "a product with ID 10 exists",
  "request": {
    "method": "GET",
    "path": "/product/10",
    "headers": {
      "Authorization": {
        "json_class": "Pact::SomethingLike",
        "contents": "Bearer 2019-01-14T11:34:18.045Z"
      }
    }
  },
  "response": {
    "status": 200,
    "headers": {
      "Content-Type": {
        "json_class": "Pact::Term",
        "data": {
          "generate": "application/json; charset=utf-8",
          "matcher": {
            "json_class": "Regexp",
            "o": 0,
            "s": "^application/json"
          }
        }
      }
    },
    "body": {
      "json_class": "Pact::SomethingLike",
      "contents": {
        "id": "10",
        "type": "CREDIT_CARD",
        "name": "28 Degrees"
      }
    }
  },
  "metadata": null
}
I, [2020-10-09T16:07:41.399452 #99208]  INFO -- : Received request GET /product/10
D, [2020-10-09T16:07:41.399561 #99208] DEBUG -- : {
  "path": "/product/10",
  "query": "",
  "method": "get",
  "headers": {
    "Accept": "application/json, text/plain, */*",
    "Authorization": "Bearer 2020-10-09T05:07:41.393Z",
    "User-Agent": "axios/0.19.1",
    "Host": "127.0.0.1:51714",
    "Connection": "close",
    "Version": "HTTP/1.1"
  }
}
I, [2020-10-09T16:07:41.399826 #99208]  INFO -- : Found matching response for GET /product/10
D, [2020-10-09T16:07:41.399970 #99208] DEBUG -- : {
  "status": 200,
  "headers": {
    "Content-Type": {
      "json_class": "Pact::Term",
      "data": {
        "generate": "application/json; charset=utf-8",
        "matcher": {
          "json_class": "Regexp",
          "o": 0,
          "s": "^application/json"
        }
      }
    }
  },
  "body": {
    "json_class": "Pact::SomethingLike",
    "contents": {
      "id": "10",
      "type": "CREDIT_CARD",
      "name": "28 Degrees"
    }
  }
}
I, [2020-10-09T16:07:41.407156 #99208]  INFO -- : Verifying - interactions matched
I, [2020-10-09T16:07:41.411800 #99208]  INFO -- : Cleared interactions
I, [2020-10-09T16:07:41.418758 #99208]  INFO -- : Registered expected interaction GET /product/11
D, [2020-10-09T16:07:41.419119 #99208] DEBUG -- : {
  "description": "a request to get a product",
  "providerState": "a product with ID 11 does not exist",
  "request": {
    "method": "GET",
    "path": "/product/11",
    "headers": {
      "Authorization": {
        "json_class": "Pact::SomethingLike",
        "contents": "Bearer 2019-01-14T11:34:18.045Z"
      }
    }
  },
  "response": {
    "status": 404,
    "headers": {
    }
  },
  "metadata": null
}
I, [2020-10-09T16:07:41.424133 #99208]  INFO -- : Received request GET /product/11
D, [2020-10-09T16:07:41.424247 #99208] DEBUG -- : {
  "path": "/product/11",
  "query": "",
  "method": "get",
  "headers": {
    "Accept": "application/json, text/plain, */*",
    "Authorization": "Bearer 2020-10-09T05:07:41.420Z",
    "User-Agent": "axios/0.19.1",
    "Host": "127.0.0.1:51714",
    "Connection": "close",
    "Version": "HTTP/1.1"
  }
}
I, [2020-10-09T16:07:41.424366 #99208]  INFO -- : Found matching response for GET /product/11
D, [2020-10-09T16:07:41.424415 #99208] DEBUG -- : {
  "status": 404,
  "headers": {
  }
}
I, [2020-10-09T16:07:41.431124 #99208]  INFO -- : Verifying - interactions matched
I, [2020-10-09T16:07:41.435083 #99208]  INFO -- : Cleared interactions
I, [2020-10-09T16:07:41.439799 #99208]  INFO -- : Registered expected interaction GET /products
D, [2020-10-09T16:07:41.440039 #99208] DEBUG -- : {
  "description": "a request to get all products",
  "providerState": "products exist",
  "request": {
    "method": "GET",
    "path": "/products",
    "headers": {
      "Authorization": {
        "json_class": "Pact::SomethingLike",
        "contents": "Bearer 2019-01-14T11:34:18.045Z"
      }
    }
  },
  "response": {
    "status": 200,
    "headers": {
      "Content-Type": {
        "json_class": "Pact::Term",
        "data": {
          "generate": "application/json; charset=utf-8",
          "matcher": {
            "json_class": "Regexp",
            "o": 0,
            "s": "^application/json"
          }
        }
      }
    },
    "body": {
      "json_class": "Pact::ArrayLike",
      "contents": {
        "id": "10",
        "type": "CREDIT_CARD",
        "name": "28 Degrees"
      },
      "min": 1
    }
  },
  "metadata": null
}
I, [2020-10-09T16:07:41.444257 #99208]  INFO -- : Received request GET /products
D, [2020-10-09T16:07:41.444389 #99208] DEBUG -- : {
  "path": "/products",
  "query": "",
  "method": "get",
  "headers": {
    "Accept": "application/json, text/plain, */*",
    "Authorization": "Bearer 2020-10-09T05:07:41.440Z",
    "User-Agent": "axios/0.19.1",
    "Host": "127.0.0.1:51714",
    "Connection": "close",
    "Version": "HTTP/1.1"
  }
}
I, [2020-10-09T16:07:41.444572 #99208]  INFO -- : Found matching response for GET /products
D, [2020-10-09T16:07:41.444709 #99208] DEBUG -- : {
  "status": 200,
  "headers": {
    "Content-Type": {
      "json_class": "Pact::Term",
      "data": {
        "generate": "application/json; charset=utf-8",
        "matcher": {
          "json_class": "Regexp",
          "o": 0,
          "s": "^application/json"
        }
      }
    }
  },
  "body": {
    "json_class": "Pact::ArrayLike",
    "contents": {
      "id": "10",
      "type": "CREDIT_CARD",
      "name": "28 Degrees"
    },
    "min": 1
  }
}
I, [2020-10-09T16:07:41.449453 #99208]  INFO -- : Verifying - interactions matched
I, [2020-10-09T16:07:41.453684 #99208]  INFO -- : Cleared interactions
I, [2020-10-09T16:07:41.460442 #99208]  INFO -- : Writing pact for pactflow-example-provider to /Users/matthewfellows/development/public/example-consumer/pacts/pactflow-example-consumer-pactflow-example-provider.json
